<?xml version="1.0" encoding="UTF-8"?>
<!-- Generated by org.testng.reporters.JUnitReportReporter -->
<testsuite hostname="DESKTOP-D8HRC0C" failures="0" tests="1" name="com.saucedemo.Testpackge.TC01_VerifyRegistration" time="43.921" errors="0" timestamp="2023-01-24T12:06:43 IST" skipped="0">
  <testcase classname="com.saucedemo.Testpackge.TC01_VerifyRegistration" name="StundentRegistration" time="43.921"/>
  <system-out/>
</testsuite> <!-- com.saucedemo.Testpackge.TC01_VerifyRegistration -->
